#
# There is insufficient memory for the Java Runtime Environment to continue.
# Native memory allocation (mmap) failed to map 16347136 bytes for object start array expansion
# Possible reasons:
#   The system is out of physical RAM or swap space
#   In 32 bit mode, the process size limit was hit
# Possible solutions:
#   Reduce memory load on the system
#   Increase physical memory or swap space
#   Check if swap backing store is full
#   Use 64 bit Java on a 64 bit OS
#   Decrease Java heap size (-Xmx/-Xms)
#   Decrease number of Java threads
#   Decrease Java thread stack sizes (-Xss)
#   Set larger code cache with -XX:ReservedCodeCacheSize=
# This output file may be truncated or incomplete.
#
#  Out of Memory Error (objectStartArray.cpp:102), pid=19308, tid=16056
#
# JRE version: Java(TM) SE Runtime Environment (8.0_60-b27) (build 1.8.0_60-b27)
# Java VM: Java HotSpot(TM) 64-Bit Server VM (25.60-b23 mixed mode windows-amd64 compressed oops)
# Failed to write core dump. Minidumps are not enabled by default on client versions of Windows
#

---------------  T H R E A D  ---------------

Current thread (0x000000002e84f800):  VMThread [stack: 0x000000002fa60000,0x000000002fb60000] [id=16056]

Stack: [0x000000002fa60000,0x000000002fb60000]
[error occurred during error reporting (printing stack bounds), id 0xc0000005]

Native frames: (J=compiled Java code, j=interpreted, Vv=VM code, C=native code)

VM_Operation (0x0000000002a3f3d0): ParallelGCFailedAllocation, mode: safepoint, requested by thread 0x0000000001dfc800


---------------  P R O C E S S  ---------------

Java Threads: ( => current thread )
  0x000000002ff06000 JavaThread "Service Thread" daemon [_thread_blocked, id=6520, stack(0x00000000309d0000,0x0000000030ad0000)]
  0x000000002e8bd800 JavaThread "C1 CompilerThread2" daemon [_thread_blocked, id=16108, stack(0x00000000308c0000,0x00000000309c0000)]
  0x000000002e8bd000 JavaThread "C2 CompilerThread1" daemon [_thread_blocked, id=9804, stack(0x00000000306e0000,0x00000000307e0000)]
  0x000000002fe85000 JavaThread "C2 CompilerThread0" daemon [_thread_blocked, id=19680, stack(0x0000000030570000,0x0000000030670000)]
  0x000000002fe82000 JavaThread "Attach Listener" daemon [_thread_blocked, id=18500, stack(0x00000000303b0000,0x00000000304b0000)]
  0x000000002fe80800 JavaThread "Signal Dispatcher" daemon [_thread_blocked, id=16048, stack(0x000000002f8c0000,0x000000002f9c0000)]
  0x000000002e85c000 JavaThread "Finalizer" daemon [_thread_blocked, id=11996, stack(0x000000002fd80000,0x000000002fe80000)]
  0x000000002e855000 JavaThread "Reference Handler" daemon [_thread_blocked, id=16824, stack(0x000000002fbc0000,0x000000002fcc0000)]
  0x0000000001dfc800 JavaThread "main" [_thread_blocked, id=11988, stack(0x0000000002940000,0x0000000002a40000)]

Other Threads:
=>0x000000002e84f800 VMThread [stack: 0x000000002fa60000,0x000000002fb60000] [id=16056]
  0x000000002ffaf800 WatcherThread [stack: 0x0000000030c60000,0x0000000030d60000] [id=1360]

VM state:at safepoint (normal execution)

VM Mutex/Monitor currently owned by a thread:  ([mutex/lock_event])
[0x0000000001dfa380] ExpandHeap_lock - owner thread: 0x000000002e84f800
[0x0000000001dfaa00] Threads_lock - owner thread: 0x000000002e84f800
[0x0000000001dfaf00] Heap_lock - owner thread: 0x0000000001dfc800

Heap:
 PSYoungGen      total 36864K, used 0K [0x00000006c5000000, 0x00000006c9100000, 0x00000007c0000000)
  eden space 31744K, 0% used [0x00000006c5000000,0x00000006c5000000,0x00000006c6f00000)
  from space 5120K, 0% used [0x00000006c6f00000,0x00000006c6f00000,0x00000006c7400000)
  to   space 5120K, 0% used [0x00000006c8c00000,0x00000006c8c00000,0x00000006c9100000)
 ParOldGen       total 49664K, used 445K [0x00000004cf000000, 0x00000006c5000000, 0x00000006c5000000)
  object space 49664K, 0% used [0x00000004cf000000,0x00000004cf06f490,0x00000004d2080000)
 Metaspace       used 2593K, capacity 4486K, committed 4864K, reserved 1056768K
  class space    used 281K, capacity 386K, committed 512K, reserved 1048576K

Card table byte_map: [0x00000000120d0000,0x0000000013860000] byte_map_base: 0x000000000fa58000

Marking Bits: (ParMarkBitMap*) 0x00000000026ca5b0
 Begin Bits: [0x0000000014eb0000, 0x0000000020af0000)
 End Bits:   [0x0000000020af0000, 0x000000002c730000)

Polling page: 0x0000000000110000

CodeCache: size=245760Kb used=1132Kb max_used=1132Kb free=244627Kb
 bounds [0x0000000002d10000, 0x0000000002f80000, 0x0000000011d10000]
 total_blobs=275 nmethods=43 adapters=145
 compilation: enabled

Compilation events (10 events):
Event: 0.957 Thread 0x000000002e8bd800   34       3       java.util.Arrays::copyOf (19 bytes)
Event: 0.957 Thread 0x000000002e8bd800 nmethod 34 0x0000000002e27250 code [0x0000000002e273c0, 0x0000000002e276e8]
Event: 0.957 Thread 0x000000002e8bd800   39       3       java.lang.String::equals (81 bytes)
Event: 0.957 Thread 0x000000002e8bd800 nmethod 39 0x0000000002e27bd0 code [0x0000000002e27d60, 0x0000000002e282b0]
Event: 0.957 Thread 0x000000002e8bd800   41       3       java.lang.String::indexOf (166 bytes)
Event: 0.958 Thread 0x000000002e8bd800 nmethod 41 0x0000000002e28490 code [0x0000000002e28640, 0x0000000002e28c90]
Event: 0.958 Thread 0x000000002e8bd800   40       3       sun.net.www.ParseUtil::encodePath (336 bytes)
Event: 0.959 Thread 0x000000002e8bd800 nmethod 40 0x0000000002e29050 code [0x0000000002e292c0, 0x0000000002e2a2b8]
Event: 0.967 Thread 0x000000002e8bd800   43       3       java.util.HashMap::hash (20 bytes)
Event: 0.968 Thread 0x000000002e8bd800 nmethod 43 0x0000000002e2b050 code [0x0000000002e2b1c0, 0x0000000002e2b408]

GC Heap History (10 events):
Event: 1.046 GC heap before
{Heap before GC invocations=1 (full 0):
 PSYoungGen      total 36864K, used 2539K [0x00000006c5000000, 0x00000006c7900000, 0x00000007c0000000)
  eden space 31744K, 8% used [0x00000006c5000000,0x00000006c527af70,0x00000006c6f00000)
  from space 5120K, 0% used [0x00000006c7400000,0x00000006c7400000,0x00000006c7900000)
  to   space 5120K, 0% used [0x00000006c6f00000,0x00000006c6f00000,0x00000006c7400000)
 ParOldGen       total 84992K, used 0K [0x00000004cf000000, 0x00000004d4300000, 0x00000006c5000000)
  object space 84992K, 0% used [0x00000004cf000000,0x00000004cf000000,0x00000004d4300000)
 Metaspace       used 2593K, capacity 4486K, committed 4864K, reserved 1056768K
  class space    used 281K, capacity 386K, committed 512K, reserved 1048576K
Event: 1.047 GC heap after
Heap after GC invocations=1 (full 0):
 PSYoungGen      total 36864K, used 582K [0x00000006c5000000, 0x00000006c7900000, 0x00000007c0000000)
  eden space 31744K, 0% used [0x00000006c5000000,0x00000006c5000000,0x00000006c6f00000)
  from space 5120K, 11% used [0x00000006c6f00000,0x00000006c6f91820,0x00000006c7400000)
  to   space 5120K, 0% used [0x00000006c7400000,0x00000006c7400000,0x00000006c7900000)
 ParOldGen       total 84992K, used 8K [0x00000004cf000000, 0x00000004d4300000, 0x00000006c5000000)
  object space 84992K, 0% used [0x00000004cf000000,0x00000004cf002000,0x00000004d4300000)
 Metaspace       used 2593K, capacity 4486K, committed 4864K, reserved 1056768K
  class space    used 281K, capacity 386K, committed 512K, reserved 1048576K
}
Event: 1.047 GC heap before
{Heap before GC invocations=2 (full 0):
 PSYoungGen      total 36864K, used 582K [0x00000006c5000000, 0x00000006c7900000, 0x00000007c0000000)
  eden space 31744K, 0% used [0x00000006c5000000,0x00000006c5000000,0x00000006c6f00000)
  from space 5120K, 11% used [0x00000006c6f00000,0x00000006c6f91820,0x00000006c7400000)
  to   space 5120K, 0% used [0x00000006c7400000,0x00000006c7400000,0x00000006c7900000)
 ParOldGen       total 84992K, used 8K [0x00000004cf000000, 0x00000004d4300000, 0x00000006c5000000)
  object space 84992K, 0% used [0x00000004cf000000,0x00000004cf002000,0x00000004d4300000)
 Metaspace       used 2593K, capacity 4486K, committed 4864K, reserved 1056768K
  class space    used 281K, capacity 386K, committed 512K, reserved 1048576K
Event: 1.053 GC heap after
Heap after GC invocations=2 (full 0):
 PSYoungGen      total 36864K, used 464K [0x00000006c5000000, 0x00000006c9800000, 0x00000007c0000000)
  eden space 31744K, 0% used [0x00000006c5000000,0x00000006c5000000,0x00000006c6f00000)
  from space 5120K, 9% used [0x00000006c7400000,0x00000006c7474010,0x00000006c7900000)
  to   space 5120K, 0% used [0x00000006c6f00000,0x00000006c6f00000,0x00000006c7400000)
 ParOldGen       total 84992K, used 8K [0x00000004cf000000, 0x00000004d4300000, 0x00000006c5000000)
  object space 84992K, 0% used [0x00000004cf000000,0x00000004cf002000,0x00000004d4300000)
 Metaspace       used 2593K, capacity 4486K, committed 4864K, reserved 1056768K
  class space    used 281K, capacity 386K, committed 512K, reserved 1048576K
}
Event: 1.053 GC heap before
{Heap before GC invocations=3 (full 1):
 PSYoungGen      total 36864K, used 464K [0x00000006c5000000, 0x00000006c9800000, 0x00000007c0000000)
  eden space 31744K, 0% used [0x00000006c5000000,0x00000006c5000000,0x00000006c6f00000)
  from space 5120K, 9% used [0x00000006c7400000,0x00000006c7474010,0x00000006c7900000)
  to   space 5120K, 0% used [0x00000006c6f00000,0x00000006c6f00000,0x00000006c7400000)
 ParOldGen       total 84992K, used 8K [0x00000004cf000000, 0x00000004d4300000, 0x00000006c5000000)
  object space 84992K, 0% used [0x00000004cf000000,0x00000004cf002000,0x00000004d4300000)
 Metaspace       used 2593K, capacity 4486K, committed 4864K, reserved 1056768K
  class space    used 281K, capacity 386K, committed 512K, reserved 1048576K
Event: 1.164 GC heap after
Heap after GC invocations=3 (full 1):
 PSYoungGen      total 36864K, used 0K [0x00000006c5000000, 0x00000006c9800000, 0x00000007c0000000)
  eden space 31744K, 0% used [0x00000006c5000000,0x00000006c5000000,0x00000006c6f00000)
  from space 5120K, 0% used [0x00000006c7400000,0x00000006c7400000,0x00000006c7900000)
  to   space 5120K, 0% used [0x00000006c6f00000,0x00000006c6f00000,0x00000006c7400000)
 ParOldGen       total 37888K, used 456K [0x00000004cf000000, 0x00000004d1500000, 0x00000006c5000000)
  object space 37888K, 1% used [0x00000004cf000000,0x00000004cf0721a0,0x00000004d1500000)
 Metaspace       used 2593K, capacity 4486K, committed 4864K, reserved 1056768K
  class space    used 281K, capacity 386K, committed 512K, reserved 1048576K
}
Event: 1.237 GC heap before
{Heap before GC invocations=4 (full 1):
 PSYoungGen      total 36864K, used 0K [0x00000006c5000000, 0x00000006c9800000, 0x00000007c0000000)
  eden space 31744K, 0% used [0x00000006c5000000,0x00000006c5000000,0x00000006c6f00000)
  from space 5120K, 0% used [0x00000006c7400000,0x00000006c7400000,0x00000006c7900000)
  to   space 5120K, 0% used [0x00000006c6f00000,0x00000006c6f00000,0x00000006c7400000)
 ParOldGen       total 37888K, used 456K [0x00000004cf000000, 0x00000004d1500000, 0x00000006c5000000)
  object space 37888K, 1% used [0x00000004cf000000,0x00000004cf0721a0,0x00000004d1500000)
 Metaspace       used 2593K, capacity 4486K, committed 4864K, reserved 1056768K
  class space    used 281K, capacity 386K, committed 512K, reserved 1048576K
Event: 1.238 GC heap after
Heap after GC invocations=4 (full 1):
 PSYoungGen      total 36864K, used 0K [0x00000006c5000000, 0x00000006c9100000, 0x00000007c0000000)
  eden space 31744K, 0% used [0x00000006c5000000,0x00000006c5000000,0x00000006c6f00000)
  from space 5120K, 0% used [0x00000006c6f00000,0x00000006c6f00000,0x00000006c7400000)
  to   space 5120K, 0% used [0x00000006c8c00000,0x00000006c8c00000,0x00000006c9100000)
 ParOldGen       total 37888K, used 456K [0x00000004cf000000, 0x00000004d1500000, 0x00000006c5000000)
  object space 37888K, 1% used [0x00000004cf000000,0x00000004cf0721a0,0x00000004d1500000)
 Metaspace       used 2593K, capacity 4486K, committed 4864K, reserved 1056768K
  class space    used 281K, capacity 386K, committed 512K, reserved 1048576K
}
Event: 1.238 GC heap before
{Heap before GC invocations=5 (full 2):
 PSYoungGen      total 36864K, used 0K [0x00000006c5000000, 0x00000006c9100000, 0x00000007c0000000)
  eden space 31744K, 0% used [0x00000006c5000000,0x00000006c5000000,0x00000006c6f00000)
  from space 5120K, 0% used [0x00000006c6f00000,0x00000006c6f00000,0x00000006c7400000)
  to   space 5120K, 0% used [0x00000006c8c00000,0x00000006c8c00000,0x00000006c9100000)
 ParOldGen       total 37888K, used 456K [0x00000004cf000000, 0x00000004d1500000, 0x00000006c5000000)
  object space 37888K, 1% used [0x00000004cf000000,0x00000004cf0721a0,0x00000004d1500000)
 Metaspace       used 2593K, capacity 4486K, committed 4864K, reserved 1056768K
  class space    used 281K, capacity 386K, committed 512K, reserved 1048576K
Event: 1.257 GC heap after
Heap after GC invocations=5 (full 2):
 PSYoungGen      total 36864K, used 0K [0x00000006c5000000, 0x00000006c9100000, 0x00000007c0000000)
  eden space 31744K, 0% used [0x00000006c5000000,0x00000006c5000000,0x00000006c6f00000)
  from space 5120K, 0% used [0x00000006c6f00000,0x00000006c6f00000,0x00000006c7400000)
  to   space 5120K, 0% used [0x00000006c8c00000,0x00000006c8c00000,0x00000006c9100000)
 ParOldGen       total 49664K, used 445K [0x00000004cf000000, 0x00000004d2080000, 0x00000006c5000000)
  object space 49664K, 0% used [0x00000004cf000000,0x00000004cf06f490,0x00000004d2080000)
 Metaspace       used 2593K, capacity 4486K, committed 4864K, reserved 1056768K
  class space    used 281K, capacity 386K, committed 512K, reserved 1048576K
}

Deoptimization events (1 events):
Event: 0.966 Thread 0x0000000001dfc800 Uncommon trap: reason=unstable_if action=reinterpret pc=0x0000000002e12d74 method=java.lang.String.hashCode()I @ 14

Internal exceptions (2 events):
Event: 0.100 Thread 0x0000000001dfc800 Exception <a 'java/lang/NoSuchMethodError': Method sun.misc.Unsafe.defineClass(Ljava/lang/String;[BII)Ljava/lang/Class; name or signature does not match> (0x00000006c5012998) thrown at [C:\re\workspace\8-2-build-windows-amd64-cygwin\jdk8u60\4407\hotspot\sr—KIFa¦¹?
Event: 0.100 Thread 0x0000000001dfc800 Exception <a 'java/lang/NoSuchMethodError': Method sun.misc.Unsafe.prefetchRead(Ljava/lang/Object;J)V name or signature does not match> (0x00000006c5012c80) thrown at [C:\re\workspace\8-2-build-windows-amd64-cygwin\jdk8u60\4407\hotspot\src\share\vm\prims\j

Events (10 events):
Event: 0.971 loading class java/security/UnresolvedPermission done
Event: 0.971 loading class java/security/BasicPermissionCollection
Event: 0.972 loading class java/security/BasicPermissionCollection done
Event: 0.972 loading class sun/launcher/LauncherHelper$FXHelper
Event: 0.972 loading class sun/launcher/LauncherHelper$FXHelper done
Event: 0.972 loading class java/lang/Class$MethodArray
Event: 0.972 loading class java/lang/Class$MethodArray done
Event: 0.972 loading class java/lang/Void
Event: 0.972 loading class java/lang/Void done
Event: 1.046 Executing VM operation: ParallelGCFailedAllocation


Dynamic libraries:
0x000000013fae0000 - 0x000000013fb17000 	C:\Program Files\Java\jdk1.8.0_60\bin\javaw.exe
0x0000000077670000 - 0x000000007780f000 	C:\Windows\SYSTEM32\ntdll.dll
0x0000000077550000 - 0x000000007766f000 	C:\Windows\system32\kernel32.dll
0x000007fefd390000 - 0x000007fefd3fa000 	C:\Windows\system32\KERNELBASE.dll
0x0000000075030000 - 0x00000000750c5000 	C:\Windows\System32\SYSFER.DLL
0x000007feff3a0000 - 0x000007feff47b000 	C:\Windows\system32\ADVAPI32.dll
0x000007fefefc0000 - 0x000007feff05f000 	C:\Windows\system32\msvcrt.dll
0x000007fefefa0000 - 0x000007fefefbf000 	C:\Windows\SYSTEM32\sechost.dll
0x000007fefd810000 - 0x000007fefd93d000 	C:\Windows\system32\RPCRT4.dll
0x0000000077450000 - 0x000000007754a000 	C:\Windows\system32\USER32.dll
0x000007fefd7a0000 - 0x000007fefd807000 	C:\Windows\system32\GDI32.dll
0x000007feff480000 - 0x000007feff48e000 	C:\Windows\system32\LPK.dll
0x000007fefdaa0000 - 0x000007fefdb6b000 	C:\Windows\system32\USP10.dll
0x000007fefbd50000 - 0x000007fefbf44000 	C:\Windows\WinSxS\amd64_microsoft.windows.common-controls_6595b64144ccf1df_6.0.7601.18837_none_fa3b1e3d17594757\COMCTL32.dll
0x000007fefda20000 - 0x000007fefda91000 	C:\Windows\system32\SHLWAPI.dll
0x000007feff930000 - 0x000007feff95e000 	C:\Windows\system32\IMM32.DLL
0x000007fefe900000 - 0x000007fefea09000 	C:\Windows\system32\MSCTF.dll
0x0000000070160000 - 0x0000000070232000 	C:\Program Files\Java\jdk1.8.0_60\jre\bin\msvcr100.dll
0x0000000001ec0000 - 0x0000000002749000 	C:\Program Files\Java\jdk1.8.0_60\jre\bin\server\jvm.dll
0x000007fef7a40000 - 0x000007fef7a49000 	C:\Windows\system32\WSOCK32.dll
0x000007feff8e0000 - 0x000007feff92d000 	C:\Windows\system32\WS2_32.dll
0x000007feff390000 - 0x000007feff398000 	C:\Windows\system32\NSI.dll
0x000007fefa750000 - 0x000007fefa78b000 	C:\Windows\system32\WINMM.dll
0x000007fefc410000 - 0x000007fefc41c000 	C:\Windows\system32\VERSION.dll
0x0000000077810000 - 0x0000000077817000 	C:\Windows\system32\PSAPI.DLL
0x00000000704b0000 - 0x00000000704bf000 	C:\Program Files\Java\jdk1.8.0_60\jre\bin\verify.dll
0x000000006d280000 - 0x000000006d2a9000 	C:\Program Files\Java\jdk1.8.0_60\jre\bin\java.dll
0x00000000700e0000 - 0x00000000700f6000 	C:\Program Files\Java\jdk1.8.0_60\jre\bin\zip.dll
0x000007fefdb70000 - 0x000007fefe8fb000 	C:\Windows\system32\SHELL32.dll
0x000007fefed80000 - 0x000007fefef7d000 	C:\Windows\system32\ole32.dll
0x000007fefd350000 - 0x000007fefd35f000 	C:\Windows\system32\profapi.dll

VM Arguments:
jvm_args: -Xmx12048m -Dfile.encoding=Cp1252 
java_command: com.arsoft.projects.common.learning.multithreading.exercises.Test
java_class_path (initial): C:\MM\ArCommon\target\classes;C:\Users\zsooans\.m2\repository\org\json\json\20171018\json-20171018.jar;C:\Users\zsooans\.m2\repository\org\apache\logging\log4j\log4j-api\2.10.0\log4j-api-2.10.0.jar;C:\Users\zsooans\.m2\repository\org\hamcrest\hamcrest-core\1.3\hamcrest-core-1.3.jar;C:\Users\zsooans\.m2\repository\io\rest-assured\rest-assured\3.0.7\rest-assured-3.0.7.jar;C:\Users\zsooans\.m2\repository\org\codehaus\groovy\groovy\2.4.12\groovy-2.4.12.jar;C:\Users\zsooans\.m2\repository\org\codehaus\groovy\groovy-xml\2.4.12\groovy-xml-2.4.12.jar;C:\Users\zsooans\.m2\repository\org\apache\httpcomponents\httpclient\4.5.3\httpclient-4.5.3.jar;C:\Users\zsooans\.m2\repository\org\apache\httpcomponents\httpcore\4.4.6\httpcore-4.4.6.jar;C:\Users\zsooans\.m2\repository\commons-logging\commons-logging\1.2\commons-logging-1.2.jar;C:\Users\zsooans\.m2\repository\commons-codec\commons-codec\1.9\commons-codec-1.9.jar;C:\Users\zsooans\.m2\repository\org\apache\httpcomponents\httpmime\4.5.1\httpmime-4.5.1.jar;C:\Users\zsooans\.m2\repository\org\hamcrest\hamcrest-library\1.3\hamcrest-library-1.3.jar;C:\Users\zsooans\.m2\repository\org\ccil\cowan\tagsoup\tagsoup\1.2.1\tagsoup-1.2.1.jar;C:\Users\zsooans\.m2\repository\io\rest-assured\json-path\3.0.7\json-path-3.0.7.jar;C:\Users\zsooans\.m2\repository\org\codehaus\groovy\groovy-json\2.4.12\groovy-json-2.4.12.jar;C:\Users\zsooans\.m2\repository\io\rest-assured\rest-assured-common\3.0.7\rest-assured-common-3.0.7.jar;C:\Users\zsooans\.m2\repository\io\rest-assured\xml-path\3.0.7\xml-path-3.0.7.jar;C:\Users\zsooans\.m2\repository\org\apache\commons\commons-lang3\3.4\commons-lang3-3.4.jar;C:\Users\zsooans\.m2\repository\javax\servlet\javax.servlet-api\4.0.0\javax.servlet-api-4.0.0.jar;C:\Users\zsooans\.m2\repository\org\apache\logging\log4j\log4j-core\2.10.0\log4j-core-2.10.0.jar;C:\Users\zsooans\.m2\repository\javax\jms\javax.jms-api\2.0.1\javax.jms-api-2.0.1.jar;C:\Users\zsooans\.m2\repository\org\apache\geronim
Launcher Type: SUN_STANDARD

Environment Variables:
JAVA_HOME=C:\Program Files\Java\jdk1.8.0_60
JRE_HOME=C:\Program Files\Java\jre1.8.0_60
PATH=C:/Program Files/Java/jdk1.8.0_60/bin/../jre/bin/server;C:/Program Files/Java/jdk1.8.0_60/bin/../jre/bin;C:/Program Files/Java/jdk1.8.0_60/bin/../jre/lib/amd64;C:\Windows\system32;C:\Windows;C:\Windows\System32\Wbem;C:\Windows\System32\WindowsPowerShell\v1.0\;C:\Program Files\Java\jdk1.8.0_60\bin\;C:\Program Files\Java\jre1.8.0_60\bin\;C:\Program Files (x86)\Google\Google Apps Sync\;C:\Program Files\MySQL\MySQL Utilities 1.6\;C:\Program Files\nodejs\;C:\Users\zsooans\AppData\Roaming\npm;C:\MM18\Software\eclipse;
USERNAME=zsooans
OS=Windows_NT
PROCESSOR_IDENTIFIER=Intel64 Family 6 Model 69 Stepping 1, GenuineIntel



---------------  S Y S T E M  ---------------

OS: Windows 7 , 64 bit Build 7601 (6.1.7601.24150)

CPU:total 4 (2 cores per cpu, 2 threads per core) family 6 model 69 stepping 1, cmov, cx8, fxsr, mmx, sse, sse2, sse3, ssse3, sse4.1, sse4.2, popcnt, avx, avx2, aes, clmul, erms, lzcnt, ht, tsc, tscinvbit, bmi1, bmi2

Memory: 4k page, physical 8075548k(2247388k free), swap 20526884k(2672488k free)

vm_info: Java HotSpot(TM) 64-Bit Server VM (25.60-b23) for windows-amd64 JRE (1.8.0_60-b27), built on Aug  4 2015 11:06:27 by "java_re" with MS VC++ 10.0 (VS2010)

time: Mon Jul 23 15:27:01 2018
elapsed time: 1 seconds (0d 0h 0m 1s)

