#
# A fatal error has been detected by the Java Runtime Environment:
#
#  EXCEPTION_ACCESS_VIOLATION (0xc0000005) at pc=0x0000000050762868, pid=2060, tid=8384
#
# JRE version: Java(TM) SE Runtime Environment (8.0_60-b27) (build 1.8.0_60-b27)
# Java VM: Java HotSpot(TM) 64-Bit Server VM (25.60-b23 mixed mode windows-amd64 compressed oops)
# Problematic frame:
# C  [jdwp.dll+0x22868]
#
# Failed to write core dump. Minidumps are not enabled by default on client versions of Windows
#
# If you would like to submit a bug report, please visit:
#   http://bugreport.java.com/bugreport/crash.jsp
# The crash happened outside the Java Virtual Machine in native code.
# See problematic frame for where to report the bug.
#

---------------  T H R E A D  ---------------

Current thread (0x000000001878f800):  JavaThread "JDWP Command Reader" daemon [_thread_in_native, id=8384, stack(0x0000000019750000,0x0000000019850000)]

siginfo: ExceptionCode=0xc0000005, reading address 0x0000000000000000

Registers:
RAX=0x000000005076f5a0, RBX=0x000000000000000c, RCX=0x0000000000000000, RDX=0x0000000000000028
RSP=0x000000001984f050, RBP=0x00000000507691a8, RSI=0x0000000000000004, RDI=0x00000000713f33c0
R8 =0x000000001984f0b8, R9 =0x7eff06fdfe13ff6b, R10=0x81010101010100f8, R11=0x8101010101010100
R12=0x0000000018790160, R13=0x0000000018790538, R14=0x0000000000000000, R15=0x0000000050769198
RIP=0x0000000050762868, EFLAGS=0x0000000000010206

Top of Stack: (sp=0x000000001984f050)
0x000000001984f050:   0000000000002714 ffffffffffb3b4c0
0x000000001984f060:   0000000000000344 000000001984f188
0x000000001984f070:   0000000000000001 00000000713f23c0
0x000000001984f080:   0000000050769198 0000000000000000
0x000000001984f090:   0000000018790538 0000000000000000
0x000000001984f0a0:   00000000713f33c0 00000000713f108e
0x000000001984f0b0:   000000000000000c 000007feff153706
0x000000001984f0c0:   0000000000000004 0000000053e94801
0x000000001984f0d0:   7075727265746e49 636e756620646574
0x000000001984f0e0:   6c6163206e6f6974 000007feff15006c
0x000000001984f0f0:   0000000050769198 0000000000000000
0x000000001984f100:   0000000018790538 0000000000000000
0x000000001984f110:   00000000000002e0 000007feff140369
0x000000001984f120:   00000000000002e0 0000000002446120
0x000000001984f130:   0000000000000004 000000001984f174
0x000000001984f140:   000000001984f1d8 0000000000000000 

Instructions: (pc=0x0000000050762868)
0x0000000050762848:   83 ec 50 48 63 d1 85 c9 75 07 33 c0 e9 84 00 00
0x0000000050762858:   00 48 8b 05 88 d4 00 00 4c 8d 44 24 68 48 8b 08
0x0000000050762868:   48 8b 01 ff 90 68 01 00 00 8b f8 85 c0 74 61 8b
0x0000000050762878:   c8 e8 72 ca fe ff 48 8b d8 ff 15 a9 49 00 00 c7 


Register to memory mapping:

RAX=0x000000005076f5a0 is an unknown value
RBX=0x000000000000000c is an unknown value
RCX=0x0000000000000000 is an unknown value
RDX=0x0000000000000028 is an unknown value
RSP=0x000000001984f050 is pointing into the stack for thread: 0x000000001878f800
RBP=0x00000000507691a8 is an unknown value
RSI=0x0000000000000004 is an unknown value
RDI=0x00000000713f33c0 is an unknown value
R8 =0x000000001984f0b8 is pointing into the stack for thread: 0x000000001878f800
R9 =0x7eff06fdfe13ff6b is an unknown value
R10=0x81010101010100f8 is an unknown value
R11=0x8101010101010100 is an unknown value
R12=0x0000000018790160 is an unknown value
R13=0x0000000018790538 is an unknown value
R14=0x0000000000000000 is an unknown value
R15=0x0000000050769198 is an unknown value


Stack: [0x0000000019750000,0x0000000019850000],  sp=0x000000001984f050,  free space=1020k
Native frames: (J=compiled Java code, j=interpreted, Vv=VM code, C=native code)
C  [jdwp.dll+0x22868]
C  [dt_socket.dll+0x108e]
C  [dt_socket.dll+0x15f6]
C  [jdwp.dll+0x1fa11]
C  [jdwp.dll+0xecf6]
V  [jvm.dll+0x1bb8e8]
V  [jvm.dll+0x243134]
V  [jvm.dll+0x299f6a]
C  [msvcr100.dll+0x21d9f]
C  [msvcr100.dll+0x21e3b]
C  [kernel32.dll+0x159cd]
C  [ntdll.dll+0x5385d]


---------------  P R O C E S S  ---------------

Java Threads: ( => current thread )
  0x0000000018810000 JavaThread "Service Thread" daemon [_thread_blocked, id=13084, stack(0x0000000019db0000,0x0000000019eb0000)]
  0x00000000187b0000 JavaThread "C1 CompilerThread2" daemon [_thread_blocked, id=2636, stack(0x00000000198f0000,0x00000000199f0000)]
  0x00000000187a0800 JavaThread "C2 CompilerThread1" daemon [_thread_blocked, id=11900, stack(0x0000000019b80000,0x0000000019c80000)]
  0x000000001879d800 JavaThread "C2 CompilerThread0" daemon [_thread_blocked, id=10672, stack(0x0000000019a20000,0x0000000019b20000)]
=>0x000000001878f800 JavaThread "JDWP Command Reader" daemon [_thread_in_native, id=8384, stack(0x0000000019750000,0x0000000019850000)]
  0x000000001730f000 JavaThread "JDWP Event Helper Thread" daemon [_thread_blocked, id=10312, stack(0x0000000019480000,0x0000000019580000)]
  0x0000000017309000 JavaThread "JDWP Transport Listener: dt_socket" daemon [_thread_blocked, id=460, stack(0x0000000019580000,0x0000000019680000)]
  0x0000000017305000 JavaThread "Attach Listener" daemon [_thread_blocked, id=11308, stack(0x0000000018e20000,0x0000000018f20000)]
  0x0000000017303800 JavaThread "Signal Dispatcher" daemon [_thread_blocked, id=10016, stack(0x0000000018c70000,0x0000000018d70000)]
  0x00000000172a7800 JavaThread "Finalizer" daemon [_thread_blocked, id=12832, stack(0x00000000184f0000,0x00000000185f0000)]
  0x00000000172a0800 JavaThread "Reference Handler" daemon [_thread_blocked, id=10280, stack(0x0000000018680000,0x0000000018780000)]
  0x00000000020d8000 JavaThread "main" [_thread_blocked, id=12700, stack(0x00000000024e0000,0x00000000025e0000)]

Other Threads:
  0x000000001729b000 VMThread [stack: 0x00000000183b0000,0x00000000184b0000] [id=1756]

VM state:at safepoint (normal execution)

VM Mutex/Monitor currently owned by a thread:  ([mutex/lock_event])
[0x000000000224de00] Threads_lock - owner thread: 0x000000001729b000

Heap:
 PSYoungGen      total 66048K, used 3258K [0x00000000d6f00000, 0x00000000dbb80000, 0x0000000100000000)
  eden space 53760K, 6% used [0x00000000d6f00000,0x00000000d722ebd0,0x00000000da380000)
  from space 12288K, 0% used [0x00000000daf80000,0x00000000daf80000,0x00000000dbb80000)
  to   space 12288K, 0% used [0x00000000da380000,0x00000000da380000,0x00000000daf80000)
 ParOldGen       total 72192K, used 34817K [0x0000000084c00000, 0x0000000089280000, 0x00000000d6f00000)
  object space 72192K, 48% used [0x0000000084c00000,0x0000000086e00570,0x0000000089280000)
 Metaspace       used 32595K, capacity 33334K, committed 33792K, reserved 1079296K
  class space    used 3707K, capacity 3972K, committed 4096K, reserved 1048576K

Card table byte_map: [0x0000000011c70000,0x0000000012050000] byte_map_base: 0x000000001184a000

Marking Bits: (ParMarkBitMap*) 0x000000005448a5b0
 Begin Bits: [0x0000000012790000, 0x0000000014660000)
 End Bits:   [0x0000000014660000, 0x0000000016530000)

Polling page: 0x0000000000130000

CodeCache: size=245760Kb used=30683Kb max_used=31079Kb free=215076Kb
 bounds [0x00000000028b0000, 0x0000000004750000, 0x00000000118b0000]
 total_blobs=7467 nmethods=7041 adapters=345
 compilation: enabled

Compilation events (10 events):
Event: 180.165 Thread 0x00000000187b0000 8719   !   3       java.io.PrintStream::write (83 bytes)
Event: 180.166 Thread 0x00000000187b0000 nmethod 8719 0x0000000002de65d0 code [0x0000000002de6800, 0x0000000002de7448]
Event: 180.777 Thread 0x00000000187b0000 8720       3       java.util.concurrent.ConcurrentHashMap$ValueIterator::next (34 bytes)
Event: 180.777 Thread 0x00000000187b0000 nmethod 8720 0x00000000038373d0 code [0x0000000003837560, 0x0000000003837898]
Event: 180.778 Thread 0x00000000187b0000 8721       3       org.eclipse.sisu.inject.MildValues$ValueItr::next (27 bytes)
Event: 180.778 Thread 0x00000000187b0000 nmethod 8721 0x00000000030b2350 code [0x00000000030b24e0, 0x00000000030b2818]
Event: 180.784 Thread 0x00000000187b0000 8722       1       com.google.inject.internal.InheritingState::getExplicitBindingsThisLevel (5 bytes)
Event: 180.784 Thread 0x00000000187b0000 nmethod 8722 0x0000000002aa7b90 code [0x0000000002aa7ce0, 0x0000000002aa7df0]
Event: 180.787 Thread 0x00000000187b0000 8723       1       java.util.logging.Logger::getName (5 bytes)
Event: 180.787 Thread 0x00000000187b0000 nmethod 8723 0x0000000002bb32d0 code [0x0000000002bb3420, 0x0000000002bb3530]

GC Heap History (10 events):
Event: 170.368 GC heap before
{Heap before GC invocations=31 (full 2):
 PSYoungGen      total 69120K, used 65691K [0x00000000d6f00000, 0x00000000dc000000, 0x0000000100000000)
  eden space 58368K, 99% used [0x00000000d6f00000,0x00000000da7fcb80,0x00000000da800000)
  from space 10752K, 68% used [0x00000000db580000,0x00000000dbcaa318,0x00000000dc000000)
  to   space 12288K, 0% used [0x00000000da800000,0x00000000da800000,0x00000000db400000)
 ParOldGen       total 72192K, used 40652K [0x0000000084c00000, 0x0000000089280000, 0x00000000d6f00000)
  object space 72192K, 56% used [0x0000000084c00000,0x00000000873b32e0,0x0000000089280000)
 Metaspace       used 32559K, capacity 33370K, committed 33792K, reserved 1079296K
  class space    used 3708K, capacity 3976K, committed 4096K, reserved 1048576K
Event: 170.377 GC heap after
Heap after GC invocations=31 (full 2):
 PSYoungGen      total 62976K, used 5932K [0x00000000d6f00000, 0x00000000dbd80000, 0x0000000100000000)
  eden space 56832K, 0% used [0x00000000d6f00000,0x00000000d6f00000,0x00000000da680000)
  from space 6144K, 96% used [0x00000000da800000,0x00000000dadcb1f0,0x00000000dae00000)
  to   space 11776K, 0% used [0x00000000db200000,0x00000000db200000,0x00000000dbd80000)
 ParOldGen       total 72192K, used 40652K [0x0000000084c00000, 0x0000000089280000, 0x00000000d6f00000)
  object space 72192K, 56% used [0x0000000084c00000,0x00000000873b32e0,0x0000000089280000)
 Metaspace       used 32559K, capacity 33370K, committed 33792K, reserved 1079296K
  class space    used 3708K, capacity 3976K, committed 4096K, reserved 1048576K
}
Event: 171.662 GC heap before
{Heap before GC invocations=32 (full 2):
 PSYoungGen      total 62976K, used 62747K [0x00000000d6f00000, 0x00000000dbd80000, 0x0000000100000000)
  eden space 56832K, 99% used [0x00000000d6f00000,0x00000000da67bdb0,0x00000000da680000)
  from space 6144K, 96% used [0x00000000da800000,0x00000000dadcb1f0,0x00000000dae00000)
  to   space 11776K, 0% used [0x00000000db200000,0x00000000db200000,0x00000000dbd80000)
 ParOldGen       total 72192K, used 40652K [0x0000000084c00000, 0x0000000089280000, 0x00000000d6f00000)
  object space 72192K, 56% used [0x0000000084c00000,0x00000000873b32e0,0x0000000089280000)
 Metaspace       used 32582K, capacity 33388K, committed 33792K, reserved 1079296K
  class space    used 3709K, capacity 3978K, committed 4096K, reserved 1048576K
Event: 171.673 GC heap after
Heap after GC invocations=32 (full 2):
 PSYoungGen      total 65536K, used 7832K [0x00000000d6f00000, 0x00000000dbc00000, 0x0000000100000000)
  eden space 55296K, 0% used [0x00000000d6f00000,0x00000000d6f00000,0x00000000da500000)
  from space 10240K, 76% used [0x00000000db200000,0x00000000db9a6378,0x00000000dbc00000)
  to   space 11776K, 0% used [0x00000000da500000,0x00000000da500000,0x00000000db080000)
 ParOldGen       total 72192K, used 40652K [0x0000000084c00000, 0x0000000089280000, 0x00000000d6f00000)
  object space 72192K, 56% used [0x0000000084c00000,0x00000000873b32e0,0x0000000089280000)
 Metaspace       used 32582K, capacity 33388K, committed 33792K, reserved 1079296K
  class space    used 3709K, capacity 3978K, committed 4096K, reserved 1048576K
}
Event: 179.963 GC heap before
{Heap before GC invocations=33 (full 2):
 PSYoungGen      total 65536K, used 63128K [0x00000000d6f00000, 0x00000000dbc00000, 0x0000000100000000)
  eden space 55296K, 100% used [0x00000000d6f00000,0x00000000da500000,0x00000000da500000)
  from space 10240K, 76% used [0x00000000db200000,0x00000000db9a6378,0x00000000dbc00000)
  to   space 11776K, 0% used [0x00000000da500000,0x00000000da500000,0x00000000db080000)
 ParOldGen       total 72192K, used 40652K [0x0000000084c00000, 0x0000000089280000, 0x00000000d6f00000)
  object space 72192K, 56% used [0x0000000084c00000,0x00000000873b32e0,0x0000000089280000)
 Metaspace       used 32650K, capacity 33406K, committed 33792K, reserved 1079296K
  class space    used 3711K, capacity 3980K, committed 4096K, reserved 1048576K
Event: 179.974 GC heap after
Heap after GC invocations=33 (full 2):
 PSYoungGen      total 63488K, used 9401K [0x00000000d6f00000, 0x00000000dbb80000, 0x0000000100000000)
  eden space 53760K, 0% used [0x00000000d6f00000,0x00000000d6f00000,0x00000000da380000)
  from space 9728K, 96% used [0x00000000da500000,0x00000000dae2e4c8,0x00000000dae80000)
  to   space 12288K, 0% used [0x00000000daf80000,0x00000000daf80000,0x00000000dbb80000)
 ParOldGen       total 72192K, used 40652K [0x0000000084c00000, 0x0000000089280000, 0x00000000d6f00000)
  object space 72192K, 56% used [0x0000000084c00000,0x00000000873b32e0,0x0000000089280000)
 Metaspace       used 32650K, capacity 33406K, committed 33792K, reserved 1079296K
  class space    used 3711K, capacity 3980K, committed 4096K, reserved 1048576K
}
Event: 180.317 GC heap before
{Heap before GC invocations=34 (full 2):
 PSYoungGen      total 63488K, used 24135K [0x00000000d6f00000, 0x00000000dbb80000, 0x0000000100000000)
  eden space 53760K, 27% used [0x00000000d6f00000,0x00000000d7d63888,0x00000000da380000)
  from space 9728K, 96% used [0x00000000da500000,0x00000000dae2e4c8,0x00000000dae80000)
  to   space 12288K, 0% used [0x00000000daf80000,0x00000000daf80000,0x00000000dbb80000)
 ParOldGen       total 72192K, used 40652K [0x0000000084c00000, 0x0000000089280000, 0x00000000d6f00000)
  object space 72192K, 56% used [0x0000000084c00000,0x00000000873b32e0,0x0000000089280000)
 Metaspace       used 32650K, capacity 33406K, committed 33792K, reserved 1079296K
  class space    used 3711K, capacity 3980K, committed 4096K, reserved 1048576K
Event: 180.326 GC heap after
Heap after GC invocations=34 (full 2):
 PSYoungGen      total 66048K, used 4184K [0x00000000d6f00000, 0x00000000dbb80000, 0x0000000100000000)
  eden space 53760K, 0% used [0x00000000d6f00000,0x00000000d6f00000,0x00000000da380000)
  from space 12288K, 34% used [0x00000000daf80000,0x00000000db396338,0x00000000dbb80000)
  to   space 12288K, 0% used [0x00000000da380000,0x00000000da380000,0x00000000daf80000)
 ParOldGen       total 72192K, used 40652K [0x0000000084c00000, 0x0000000089280000, 0x00000000d6f00000)
  object space 72192K, 56% used [0x0000000084c00000,0x00000000873b32e0,0x0000000089280000)
 Metaspace       used 32650K, capacity 33406K, committed 33792K, reserved 1079296K
  class space    used 3711K, capacity 3980K, committed 4096K, reserved 1048576K
}
Event: 180.326 GC heap before
{Heap before GC invocations=35 (full 3):
 PSYoungGen      total 66048K, used 4184K [0x00000000d6f00000, 0x00000000dbb80000, 0x0000000100000000)
  eden space 53760K, 0% used [0x00000000d6f00000,0x00000000d6f00000,0x00000000da380000)
  from space 12288K, 34% used [0x00000000daf80000,0x00000000db396338,0x00000000dbb80000)
  to   space 12288K, 0% used [0x00000000da380000,0x00000000da380000,0x00000000daf80000)
 ParOldGen       total 72192K, used 40652K [0x0000000084c00000, 0x0000000089280000, 0x00000000d6f00000)
  object space 72192K, 56% used [0x0000000084c00000,0x00000000873b32e0,0x0000000089280000)
 Metaspace       used 32650K, capacity 33406K, committed 33792K, reserved 1079296K
  class space    used 3711K, capacity 3980K, committed 4096K, reserved 1048576K
Event: 180.764 GC heap after
Heap after GC invocations=35 (full 3):
 PSYoungGen      total 66048K, used 0K [0x00000000d6f00000, 0x00000000dbb80000, 0x0000000100000000)
  eden space 53760K, 0% used [0x00000000d6f00000,0x00000000d6f00000,0x00000000da380000)
  from space 12288K, 0% used [0x00000000daf80000,0x00000000daf80000,0x00000000dbb80000)
  to   space 12288K, 0% used [0x00000000da380000,0x00000000da380000,0x00000000daf80000)
 ParOldGen       total 72192K, used 34817K [0x0000000084c00000, 0x0000000089280000, 0x00000000d6f00000)
  object space 72192K, 48% used [0x0000000084c00000,0x0000000086e00570,0x0000000089280000)
 Metaspace       used 32590K, capacity 33334K, committed 33792K, reserved 1079296K
  class space    used 3706K, capacity 3972K, committed 4096K, reserved 1048576K
}

Deoptimization events (10 events):
Event: 172.900 Thread 0x00000000020d8000 Uncommon trap: reason=unhandled action=none pc=0x000000000331e814 method=java.net.URLClassLoader.findClass(Ljava/lang/String;)Ljava/lang/Class; @ 44
Event: 172.901 Thread 0x00000000020d8000 Uncommon trap: reason=range_check action=none pc=0x0000000002b124dc method=sun.reflect.generics.parser.SignatureParser.current()C @ 34
Event: 172.901 Thread 0x00000000020d8000 Uncommon trap: reason=range_check action=none pc=0x0000000002b124dc method=sun.reflect.generics.parser.SignatureParser.current()C @ 34
Event: 172.902 Thread 0x00000000020d8000 Uncommon trap: reason=range_check action=none pc=0x0000000002b124dc method=sun.reflect.generics.parser.SignatureParser.current()C @ 34
Event: 172.962 Thread 0x00000000020d8000 Uncommon trap: reason=unstable_if action=reinterpret pc=0x00000000039d9ce0 method=java.util.zip.DeflaterOutputStream.deflate()V @ 19
Event: 174.052 Thread 0x000000001a79e800 Uncommon trap: reason=unstable_if action=reinterpret pc=0x00000000038e53b8 method=org.apache.maven.surefire.util.internal.StringUtils.unescapeString(Ljava/lang/StringBuilder;Ljava/lang/CharSequence;)V @ 42
Event: 174.052 Thread 0x000000001a79e800 Uncommon trap: reason=unstable_if action=reinterpret pc=0x0000000003733920 method=org.apache.maven.surefire.util.internal.StringUtils.unescapeString(Ljava/lang/StringBuilder;Ljava/lang/CharSequence;)V @ 42
Event: 180.316 Thread 0x00000000020d8000 Uncommon trap: reason=unstable_if action=reinterpret pc=0x00000000045f7694 method=java.util.Formatter.parse(Ljava/lang/String;)[Ljava/util/Formatter$FormatString; @ 47
Event: 180.768 Thread 0x00000000020d8000 Uncommon trap: reason=unhandled action=none pc=0x000000000331e814 method=java.net.URLClassLoader.findClass(Ljava/lang/String;)Ljava/lang/Class; @ 44
Event: 180.774 Thread 0x00000000020d8000 Uncommon trap: reason=unhandled action=none pc=0x000000000331e814 method=java.net.URLClassLoader.findClass(Ljava/lang/String;)Ljava/lang/Class; @ 44

Internal exceptions (10 events):
Event: 172.672 Thread 0x00000000020d8000 Exception <a 'java/security/PrivilegedActionException'> (0x00000000d7d81910) thrown at [C:\re\workspace\8-2-build-windows-amd64-cygwin\jdk8u60\4407\hotspot\src\share\vm\prims\jvm.cpp, line 1386]
Event: 172.672 Thread 0x00000000020d8000 Exception <a 'java/security/PrivilegedActionException'> (0x00000000d7d82d48) thrown at [C:\re\workspace\8-2-build-windows-amd64-cygwin\jdk8u60\4407\hotspot\src\share\vm\prims\jvm.cpp, line 1386]
Event: 172.672 Thread 0x00000000020d8000 Exception <a 'java/security/PrivilegedActionException'> (0x00000000d7d83140) thrown at [C:\re\workspace\8-2-build-windows-amd64-cygwin\jdk8u60\4407\hotspot\src\share\vm\prims\jvm.cpp, line 1386]
Event: 172.899 Thread 0x00000000020d8000 Exception <a 'java/lang/ArrayIndexOutOfBoundsException': 39> (0x00000000d8658070) thrown at [C:\re\workspace\8-2-build-windows-amd64-cygwin\jdk8u60\4407\hotspot\src\share\vm\interpreter\interpreterRuntime.cpp, line 366]
Event: 172.901 Thread 0x00000000020d8000 Exception <a 'java/lang/ArrayIndexOutOfBoundsException': 74> (0x00000000d86db960) thrown at [C:\re\workspace\8-2-build-windows-amd64-cygwin\jdk8u60\4407\hotspot\src\share\vm\interpreter\interpreterRuntime.cpp, line 366]
Event: 172.901 Thread 0x00000000020d8000 Exception <a 'java/lang/ArrayIndexOutOfBoundsException': 74> (0x00000000d86f8f20) thrown at [C:\re\workspace\8-2-build-windows-amd64-cygwin\jdk8u60\4407\hotspot\src\share\vm\interpreter\interpreterRuntime.cpp, line 366]
Event: 172.902 Thread 0x00000000020d8000 Exception <a 'java/lang/ArrayIndexOutOfBoundsException': 78> (0x00000000d8712728) thrown at [C:\re\workspace\8-2-build-windows-amd64-cygwin\jdk8u60\4407\hotspot\src\share\vm\interpreter\interpreterRuntime.cpp, line 366]
Event: 172.903 Thread 0x00000000020d8000 Exception <a 'java/lang/NoSuchMethodError': org.apache.maven.execution.MavenExecutionRequest.getFailureBehavior()Ljava/lang/String;> (0x00000000d87a10c8) thrown at [C:\re\workspace\8-2-build-windows-amd64-cygwin\jdk8u60\4407\hotspot\src\share\vm\interpreteº\í˜±Ýe@
Event: 174.928 Thread 0x00000000020d8000 Exception <a 'sun/nio/fs/WindowsException'> (0x00000000d8a6f900) thrown at [C:\re\workspace\8-2-build-windows-amd64-cygwin\jdk8u60\4407\hotspot\src\share\vm\prims\jni.cpp, line 709]
Event: 174.928 Thread 0x00000000020d8000 Exception <a 'java/lang/reflect/InvocationTargetException'> (0x00000000d8a700f0) thrown at [C:\re\workspace\8-2-build-windows-amd64-cygwin\jdk8u60\4407\hotspot\src\share\vm\runtime\reflection.cpp, line 1092]

Events (10 events):
Event: 180.784 Executing VM operation: RevokeBias
Event: 180.785 Executing VM operation: RevokeBias done
Event: 180.785 Thread 0x000000001a798800 Thread exited: 0x000000001a798800
Event: 180.785 Thread 0x000000001a799800 Thread exited: 0x000000001a799800
Event: 180.786 Thread 0x000000001a799800 Thread added: 0x000000001a799800
Event: 180.786 Thread 0x000000001a79a000 Thread exited: 0x000000001a79a000
Event: 180.788 Thread 0x000000001a799800 Thread exited: 0x000000001a799800
Event: 180.788 Thread 0x000000001a79b800 Thread exited: 0x000000001a79b800
Event: 180.788 Thread 0x000000001a79b000 Thread exited: 0x000000001a79b000
Event: 180.794 Executing VM operation: Exit


Dynamic libraries:
0x000000013f5e0000 - 0x000000013f617000 	C:\Program Files\Java\jdk1.8.0_60\bin\javaw.exe
0x0000000076ec0000 - 0x000000007705f000 	C:\Windows\SYSTEM32\ntdll.dll
0x0000000076da0000 - 0x0000000076ebf000 	C:\Windows\system32\kernel32.dll
0x000007fefcbf0000 - 0x000007fefcc5a000 	C:\Windows\system32\KERNELBASE.dll
0x0000000074740000 - 0x00000000747d5000 	C:\Windows\System32\SYSFER.DLL
0x000007fefedc0000 - 0x000007fefee9b000 	C:\Windows\system32\ADVAPI32.dll
0x000007fefce20000 - 0x000007fefcebf000 	C:\Windows\system32\msvcrt.dll
0x000007feff190000 - 0x000007feff1af000 	C:\Windows\SYSTEM32\sechost.dll
0x000007fefda70000 - 0x000007fefdb9d000 	C:\Windows\system32\RPCRT4.dll
0x0000000076ca0000 - 0x0000000076d9a000 	C:\Windows\system32\USER32.dll
0x000007fefd8c0000 - 0x000007fefd927000 	C:\Windows\system32\GDI32.dll
0x000007feff180000 - 0x000007feff18e000 	C:\Windows\system32\LPK.dll
0x000007feff060000 - 0x000007feff12b000 	C:\Windows\system32\USP10.dll
0x000007fefb470000 - 0x000007fefb664000 	C:\Windows\WinSxS\amd64_microsoft.windows.common-controls_6595b64144ccf1df_6.0.7601.18837_none_fa3b1e3d17594757\COMCTL32.dll
0x000007fefeed0000 - 0x000007fefef41000 	C:\Windows\system32\SHLWAPI.dll
0x000007fefeea0000 - 0x000007fefeece000 	C:\Windows\system32\IMM32.DLL
0x000007fefef50000 - 0x000007feff059000 	C:\Windows\system32\MSCTF.dll
0x0000000077f20000 - 0x0000000077ff2000 	C:\Program Files\Java\jdk1.8.0_60\jre\bin\msvcr100.dll
0x0000000053c80000 - 0x0000000054509000 	C:\Program Files\Java\jdk1.8.0_60\jre\bin\server\jvm.dll
0x000007fef7b00000 - 0x000007fef7b09000 	C:\Windows\system32\WSOCK32.dll
0x000007feff130000 - 0x000007feff17d000 	C:\Windows\system32\WS2_32.dll
0x000007fefcec0000 - 0x000007fefcec8000 	C:\Windows\system32\NSI.dll
0x000007fefa4c0000 - 0x000007fefa4fb000 	C:\Windows\system32\WINMM.dll
0x000007fefbb30000 - 0x000007fefbb3c000 	C:\Windows\system32\VERSION.dll
0x0000000077070000 - 0x0000000077077000 	C:\Windows\system32\PSAPI.DLL
0x000000006a560000 - 0x000000006a56f000 	C:\Program Files\Java\jdk1.8.0_60\jre\bin\verify.dll
0x0000000055b30000 - 0x0000000055b59000 	C:\Program Files\Java\jdk1.8.0_60\jre\bin\java.dll
0x0000000050740000 - 0x0000000050775000 	C:\Program Files\Java\jdk1.8.0_60\jre\bin\jdwp.dll
0x0000000071610000 - 0x0000000071618000 	C:\Program Files\Java\jdk1.8.0_60\jre\bin\npt.dll
0x0000000054830000 - 0x0000000054846000 	C:\Program Files\Java\jdk1.8.0_60\jre\bin\zip.dll
0x000007fefde50000 - 0x000007fefebda000 	C:\Windows\system32\SHELL32.dll
0x000007fefd620000 - 0x000007fefd81d000 	C:\Windows\system32\ole32.dll
0x000007fefca60000 - 0x000007fefca6f000 	C:\Windows\system32\profapi.dll
0x00000000713f0000 - 0x00000000713f9000 	C:\Program Files\Java\jdk1.8.0_60\jre\bin\dt_socket.dll
0x000007fefa080000 - 0x000007fefa095000 	C:\Windows\system32\NLAapi.dll
0x000007fef9160000 - 0x000007fef9175000 	C:\Windows\system32\napinsp.dll
0x000007fef9180000 - 0x000007fef9199000 	C:\Windows\system32\pnrpnsp.dll
0x000007fefc230000 - 0x000007fefc285000 	C:\Windows\System32\mswsock.dll
0x000007fefc0b0000 - 0x000007fefc10b000 	C:\Windows\system32\DNSAPI.dll
0x000007fef9150000 - 0x000007fef915b000 	C:\Windows\System32\winrnr.dll
0x000007fef9140000 - 0x000007fef9150000 	C:\Windows\system32\wshbth.dll
0x000007fef91d0000 - 0x000007fef91f1000 	C:\Windows\FireEye\NamespaceToEvents.dll
0x000007fefaa60000 - 0x000007fefaa87000 	C:\Windows\system32\IPHLPAPI.DLL
0x000007fefaa50000 - 0x000007fefaa5b000 	C:\Windows\system32\WINNSI.DLL
0x000007fef9b90000 - 0x000007fef9be3000 	C:\Windows\System32\fwpuclnt.dll
0x000007fef93c0000 - 0x000007fef93c8000 	C:\Windows\system32\rasadhlp.dll
0x000007fefbc00000 - 0x000007fefbc07000 	C:\Windows\System32\wshtcpip.dll
0x0000000054810000 - 0x000000005482a000 	C:\Program Files\Java\jdk1.8.0_60\jre\bin\net.dll
0x000007fefc220000 - 0x000007fefc227000 	C:\Windows\System32\wship6.dll
0x00000000547d0000 - 0x00000000547e1000 	C:\Program Files\Java\jdk1.8.0_60\jre\bin\nio.dll
0x0000000070590000 - 0x000000007059d000 	C:\Program Files\Java\jdk1.8.0_60\jre\bin\management.dll
0x000007fefc480000 - 0x000007fefc498000 	C:\Windows\system32\CRYPTSP.dll
0x000007fefbf50000 - 0x000007fefbf97000 	C:\Windows\system32\rsaenh.dll
0x000007fefce00000 - 0x000007fefce1e000 	C:\Windows\system32\USERENV.dll
0x000007fefc900000 - 0x000007fefc90f000 	C:\Windows\system32\CRYPTBASE.dll
0x000007fef9ce0000 - 0x000007fef9cf1000 	C:\Windows\system32\dhcpcsvc6.DLL
0x000007fef9cc0000 - 0x000007fef9cd8000 	C:\Windows\system32\dhcpcsvc.DLL
0x000007fefc8a0000 - 0x000007fefc8f7000 	C:\Windows\system32\apphelp.dll
0x000007fef80a0000 - 0x000007fef81c5000 	C:\Windows\system32\dbghelp.dll

VM Arguments:
jvm_args: -agentlib:jdwp=transport=dt_socket,suspend=y,address=localhost:65203 -Dmaven.home=EMBEDDED -Dclassworlds.conf=C:\MM\workspace\.metadata\.plugins\org.eclipse.m2e.launching\launches\m2conf3826867776930045887.tmp -Dmaven.multiModuleProjectDirectory=C:\MM\ArCommon -Dfile.encoding=Cp1252 
java_command: org.codehaus.plexus.classworlds.launcher.Launcher -B -s C:\Users\zsooans\.m2\settings.xml clean install -U
java_class_path (initial): /C:/MM18/Software/eclipse/plugins/org.eclipse.m2e.maven.runtime_1.6.3.20160209-1444/jars/plexus-classworlds-2.5.2.jar
Launcher Type: SUN_STANDARD

Environment Variables:
JAVA_HOME=C:\Program Files\Java\jdk1.8.0_60
JRE_HOME=C:\Program Files\Java\jre1.8.0_60
PATH=C:\Program Files\Java\jdk1.8.0_60\jre\bin;C:/Program Files/Java/jdk1.8.0_60/bin/../jre/bin/server;C:/Program Files/Java/jdk1.8.0_60/bin/../jre/bin;C:/Program Files/Java/jdk1.8.0_60/bin/../jre/lib/amd64;C:\Windows\system32;C:\Windows;C:\Windows\System32\Wbem;C:\Windows\System32\WindowsPowerShell\v1.0\;C:\Program Files\Java\jdk1.8.0_60\bin\;C:\Program Files\Java\jre1.8.0_60\bin\;C:\Program Files (x86)\Google\Google Apps Sync\;C:\Program Files\MySQL\MySQL Utilities 1.6\;C:\Program Files\nodejs\;C:\Users\zsooans\AppData\Roaming\npm;C:\MM18\Software\eclipse;
USERNAME=zsooans
OS=Windows_NT
PROCESSOR_IDENTIFIER=Intel64 Family 6 Model 69 Stepping 1, GenuineIntel



---------------  S Y S T E M  ---------------

OS: Windows 7 , 64 bit Build 7601 (6.1.7601.24260)

CPU:total 4 (2 cores per cpu, 2 threads per core) family 6 model 69 stepping 1, cmov, cx8, fxsr, mmx, sse, sse2, sse3, ssse3, sse4.1, sse4.2, popcnt, avx, avx2, aes, clmul, erms, lzcnt, ht, tsc, tscinvbit, bmi1, bmi2

Memory: 4k page, physical 8075548k(1316632k free), swap 16149196k(6725964k free)

vm_info: Java HotSpot(TM) 64-Bit Server VM (25.60-b23) for windows-amd64 JRE (1.8.0_60-b27), built on Aug  4 2015 11:06:27 by "java_re" with MS VC++ 10.0 (VS2010)

time: Wed Nov 14 12:18:50 2018
elapsed time: 180 seconds (0d 0h 3m 0s)

